<?xml version="1.0" encoding="UTF-8"?>
<testng-results skipped="0" failed="0" ignored="0" total="1" passed="1">
  <reporter-output>
  </reporter-output>
  <suite name="Default suite" duration-ms="15308" started-at="2019-01-08T15:54:18Z" finished-at="2019-01-08T15:54:33Z">
    <groups>
    </groups>
    <test name="Default test" duration-ms="15308" started-at="2019-01-08T15:54:18Z" finished-at="2019-01-08T15:54:33Z">
      <class name="package1.Testcase1">
        <test-method status="PASS" signature="testCase1()[pri:0, instance:package1.Testcase1@56f4468b]" name="testCase1" duration-ms="15263" started-at="2019-01-08T15:54:18Z" finished-at="2019-01-08T15:54:33Z">
          <reporter-output>
          </reporter-output>
        </test-method> <!-- testCase1 -->
      </class> <!-- package1.Testcase1 -->
    </test> <!-- Default test -->
  </suite> <!-- Default suite -->
</testng-results>
